<?xml version="1.0" encoding="utf-8"?><testsuites name="pytest tests"><testsuite name="pytest" errors="0" failures="0" skipped="0" tests="22" time="1.495" timestamp="2026-06-27T16:49:38.464301+00:00" hostname="agent-env-67fdb870-fec3-4cf9-84ed-9c574500a212"><testcase classname="backend.tests.test_borrowright_api.TestHealth" name="test_healthcheck" time="0.179" /><testcase classname="backend.tests.test_borrowright_api.TestLoanTypes" name="test_loan_types_returns_8" time="0.045" /><testcase classname="backend.tests.test_borrowright_api.TestBanks" name="test_banks_emi_and_best_value" time="0.049" /><testcase classname="backend.tests.test_borrowright_api.TestContent" name="test_faqs_returns_6" time="0.044" /><testcase classname="backend.tests.test_borrowright_api.TestContent" name="test_promise_structure" time="0.046" /><testcase classname="backend.tests.test_borrowright_api.TestOtpAuth" name="test_otp_request_returns_sent" time="0.051" /><testcase classname="backend.tests.test_borrowright_api.TestOtpAuth" name="test_otp_verify_valid_6_digit" time="0.055" /><testcase classname="backend.tests.test_borrowright_api.TestOtpAuth" name="test_otp_verify_short_code_rejected" time="0.045" /><testcase classname="backend.tests.test_borrowright_api.TestOtpAuth" name="test_otp_verify_non_numeric_rejected" time="0.045" /><testcase classname="backend.tests.test_borrowright_api.TestOtpAuth" name="test_auth_me_returns_user" time="0.172" /><testcase classname="backend.tests.test_borrowright_api.TestOtpAuth" name="test_auth_me_unauthorized" time="0.041" /><testcase classname="backend.tests.test_borrowright_api.TestOtpAuth" name="test_auth_me_invalid_token" time="0.042" /><testcase classname="backend.tests.test_borrowright_api.TestProfile" name="test_profile_update_onboarded" time="0.047" /><testcase classname="backend.tests.test_borrowright_api.TestApplications" name="test_list_applications" time="0.095" /><testcase classname="backend.tests.test_borrowright_api.TestApplications" name="test_get_application_detail" time="0.056" /><testcase classname="backend.tests.test_borrowright_api.TestApplications" name="test_update_application_partial" time="0.090" /><testcase classname="backend.tests.test_borrowright_api.TestApplications" name="test_upload_document" time="0.049" /><testcase classname="backend.tests.test_borrowright_api.TestApplications" name="test_list_documents_excludes_base64" time="0.050" /><testcase classname="backend.tests.test_borrowright_api.TestApplications" name="test_submit_application" time="0.133" /><testcase classname="backend.tests.test_borrowright_api.TestApplications" name="test_timeline_8_stages" time="0.046" /><testcase classname="backend.tests.test_borrowright_api.TestApplications" name="test_applications_unauthorized" time="0.042" /><testcase classname="backend.tests.test_borrowright_api.TestApplications" name="test_get_application_not_found" time="0.049" /></testsuite></testsuites>